CRITICAL - 2021-07-12 06:33:08 --> syntax error, unexpected 'echo' (T_ECHO)
#0 /home/rajesh/lampstack-7.4.16-0/apache2/htdocs/ci4-01/system/View/View.php(232): CodeIgniter\View\View->CodeIgniter\View\{closure}()
#1 /home/rajesh/lampstack-7.4.16-0/apache2/htdocs/ci4-01/system/Common.php(1271): CodeIgniter\View\View->render()
#2 /home/rajesh/lampstack-7.4.16-0/apache2/htdocs/ci4-01/app/Controllers/Contact.php(12): view()
#3 /home/rajesh/lampstack-7.4.16-0/apache2/htdocs/ci4-01/system/CodeIgniter.php(928): App\Controllers\Contact->index()
#4 /home/rajesh/lampstack-7.4.16-0/apache2/htdocs/ci4-01/system/CodeIgniter.php(436): CodeIgniter\CodeIgniter->runController()
#5 /home/rajesh/lampstack-7.4.16-0/apache2/htdocs/ci4-01/system/CodeIgniter.php(336): CodeIgniter\CodeIgniter->handleRequest()
#6 /home/rajesh/lampstack-7.4.16-0/apache2/htdocs/ci4-01/index.php(37): CodeIgniter\CodeIgniter->run()
#7 {main}
CRITICAL - 2021-07-12 06:33:14 --> syntax error, unexpected 'echo' (T_ECHO)
#0 /home/rajesh/lampstack-7.4.16-0/apache2/htdocs/ci4-01/system/View/View.php(232): CodeIgniter\View\View->CodeIgniter\View\{closure}()
#1 /home/rajesh/lampstack-7.4.16-0/apache2/htdocs/ci4-01/system/Common.php(1271): CodeIgniter\View\View->render()
#2 /home/rajesh/lampstack-7.4.16-0/apache2/htdocs/ci4-01/app/Controllers/Contact.php(12): view()
#3 /home/rajesh/lampstack-7.4.16-0/apache2/htdocs/ci4-01/system/CodeIgniter.php(928): App\Controllers\Contact->index()
#4 /home/rajesh/lampstack-7.4.16-0/apache2/htdocs/ci4-01/system/CodeIgniter.php(436): CodeIgniter\CodeIgniter->runController()
#5 /home/rajesh/lampstack-7.4.16-0/apache2/htdocs/ci4-01/system/CodeIgniter.php(336): CodeIgniter\CodeIgniter->handleRequest()
#6 /home/rajesh/lampstack-7.4.16-0/apache2/htdocs/ci4-01/index.php(37): CodeIgniter\CodeIgniter->run()
#7 {main}
CRITICAL - 2021-07-12 06:33:21 --> syntax error, unexpected 'echo' (T_ECHO)
#0 /home/rajesh/lampstack-7.4.16-0/apache2/htdocs/ci4-01/system/View/View.php(232): CodeIgniter\View\View->CodeIgniter\View\{closure}()
#1 /home/rajesh/lampstack-7.4.16-0/apache2/htdocs/ci4-01/system/Common.php(1271): CodeIgniter\View\View->render()
#2 /home/rajesh/lampstack-7.4.16-0/apache2/htdocs/ci4-01/app/Controllers/Contact.php(12): view()
#3 /home/rajesh/lampstack-7.4.16-0/apache2/htdocs/ci4-01/system/CodeIgniter.php(928): App\Controllers\Contact->index()
#4 /home/rajesh/lampstack-7.4.16-0/apache2/htdocs/ci4-01/system/CodeIgniter.php(436): CodeIgniter\CodeIgniter->runController()
#5 /home/rajesh/lampstack-7.4.16-0/apache2/htdocs/ci4-01/system/CodeIgniter.php(336): CodeIgniter\CodeIgniter->handleRequest()
#6 /home/rajesh/lampstack-7.4.16-0/apache2/htdocs/ci4-01/index.php(37): CodeIgniter\CodeIgniter->run()
#7 {main}
