CRITICAL - 2021-07-20 05:51:01 --> Uncaught ErrorException: include(): Filename cannot be empty in /home/rajesh/lampstack-7.4.16-0/apache2/htdocs/ci3_upgrade/system/Debug/Exceptions.php:278
Stack trace:
#0 /home/rajesh/lampstack-7.4.16-0/apache2/htdocs/ci3_upgrade/system/Debug/Exceptions.php(278): CodeIgniter\Debug\Exceptions->errorHandler()
#1 /home/rajesh/lampstack-7.4.16-0/apache2/htdocs/ci3_upgrade/system/Debug/Exceptions.php(278): include()
#2 /home/rajesh/lampstack-7.4.16-0/apache2/htdocs/ci3_upgrade/system/Debug/Exceptions.php(147): CodeIgniter\Debug\Exceptions->render()
#3 [internal function]: CodeIgniter\Debug\Exceptions->exceptionHandler()
#4 {main}
  thrown
#0 [internal function]: CodeIgniter\Debug\Exceptions->shutdownHandler()
#1 {main}
CRITICAL - 2021-07-20 05:51:18 --> Uncaught ErrorException: include(): Filename cannot be empty in /home/rajesh/lampstack-7.4.16-0/apache2/htdocs/ci3_upgrade/system/Debug/Exceptions.php:278
Stack trace:
#0 /home/rajesh/lampstack-7.4.16-0/apache2/htdocs/ci3_upgrade/system/Debug/Exceptions.php(278): CodeIgniter\Debug\Exceptions->errorHandler()
#1 /home/rajesh/lampstack-7.4.16-0/apache2/htdocs/ci3_upgrade/system/Debug/Exceptions.php(278): include()
#2 /home/rajesh/lampstack-7.4.16-0/apache2/htdocs/ci3_upgrade/system/Debug/Exceptions.php(147): CodeIgniter\Debug\Exceptions->render()
#3 [internal function]: CodeIgniter\Debug\Exceptions->exceptionHandler()
#4 {main}
  thrown
#0 [internal function]: CodeIgniter\Debug\Exceptions->shutdownHandler()
#1 {main}
CRITICAL - 2021-07-20 05:51:20 --> Uncaught ErrorException: include(): Filename cannot be empty in /home/rajesh/lampstack-7.4.16-0/apache2/htdocs/ci3_upgrade/system/Debug/Exceptions.php:278
Stack trace:
#0 /home/rajesh/lampstack-7.4.16-0/apache2/htdocs/ci3_upgrade/system/Debug/Exceptions.php(278): CodeIgniter\Debug\Exceptions->errorHandler()
#1 /home/rajesh/lampstack-7.4.16-0/apache2/htdocs/ci3_upgrade/system/Debug/Exceptions.php(278): include()
#2 /home/rajesh/lampstack-7.4.16-0/apache2/htdocs/ci3_upgrade/system/Debug/Exceptions.php(147): CodeIgniter\Debug\Exceptions->render()
#3 [internal function]: CodeIgniter\Debug\Exceptions->exceptionHandler()
#4 {main}
  thrown
#0 [internal function]: CodeIgniter\Debug\Exceptions->shutdownHandler()
#1 {main}
CRITICAL - 2021-07-20 05:53:33 --> Uncaught ErrorException: include(): Filename cannot be empty in /home/rajesh/lampstack-7.4.16-0/apache2/htdocs/ci3_upgrade/system/Debug/Exceptions.php:278
Stack trace:
#0 /home/rajesh/lampstack-7.4.16-0/apache2/htdocs/ci3_upgrade/system/Debug/Exceptions.php(278): CodeIgniter\Debug\Exceptions->errorHandler()
#1 /home/rajesh/lampstack-7.4.16-0/apache2/htdocs/ci3_upgrade/system/Debug/Exceptions.php(278): include()
#2 /home/rajesh/lampstack-7.4.16-0/apache2/htdocs/ci3_upgrade/system/Debug/Exceptions.php(147): CodeIgniter\Debug\Exceptions->render()
#3 [internal function]: CodeIgniter\Debug\Exceptions->exceptionHandler()
#4 {main}
  thrown
#0 [internal function]: CodeIgniter\Debug\Exceptions->shutdownHandler()
#1 {main}
